1: lo: <LOOPBACK,UP,LOWER_UP> mtu 65536 qdisc noqueue state UNKNOWN
    link/loopback 00:00:00:00:00:00 brd 00:00:00:00:00:00
    inet 127.0.0.1/8 scope host lo
       valid_lft forever preferred_lft forever
    inet6 ::1/128 scope host
       valid_lft forever preferred_lft forever
2: ens4f0: <BROADCAST,MULTICAST,UP,LOWER_UP> mtu 1500 qdisc mq state UP qlen 1000
    link/ether a0:36:9f:95:bb:0c brd ff:ff:ff:ff:ff:ff
    inet 10.110.158.102/23 brd 10.110.159.255 scope global ens4f0
       valid_lft forever preferred_lft forever
    inet6 fe80::a236:9fff:fe95:bb0c/64 scope link
       valid_lft forever preferred_lft forever
3: ens4f1: <NO-CARRIER,BROADCAST,MULTICAST,UP> mtu 1500 qdisc mq state DOWN qlen 1000
    link/ether a0:36:9f:95:bb:0d brd ff:ff:ff:ff:ff:ff
4: ens7f0: <NO-CARRIER,BROADCAST,MULTICAST,UP> mtu 1500 qdisc mq state DOWN qlen 1000
    link/ether a0:36:9f:95:ba:e4 brd ff:ff:ff:ff:ff:ff
5: ens7f1: <NO-CARRIER,BROADCAST,MULTICAST,UP> mtu 1500 qdisc mq state DOWN qlen 1000
    link/ether a0:36:9f:95:ba:e5 brd ff:ff:ff:ff:ff:ff
6: ens8: <BROADCAST,MULTICAST,UP,LOWER_UP> mtu 1500 qdisc mq state UP qlen 1000
    link/ether 24:8a:07:5d:38:d1 brd ff:ff:ff:ff:ff:ff
    inet 192.168.18.11/24 brd 192.168.18.255 scope global ens8
       valid_lft forever preferred_lft forever
    inet6 fe80::268a:7ff:fe5d:38d1/64 scope link
       valid_lft forever preferred_lft forever
7: ens8d1: <BROADCAST,MULTICAST,UP,LOWER_UP> mtu 1500 qdisc mq state UP qlen 1000
    link/ether 24:8a:07:5d:38:d2 brd ff:ff:ff:ff:ff:ff
    inet 192.168.17.11/24 brd 192.168.17.255 scope global ens8d1
       valid_lft forever preferred_lft forever
    inet6 fe80::268a:7ff:fe5d:38d2/64 scope link
       valid_lft forever preferred_lft forever
8: docker0: <BROADCAST,MULTICAST,UP,LOWER_UP> mtu 1500 qdisc noqueue state UP
    link/ether 02:42:76:b9:59:b2 brd ff:ff:ff:ff:ff:ff
    inet 172.17.0.1/16 scope global docker0
       valid_lft forever preferred_lft forever
    inet6 fe80::42:76ff:feb9:59b2/64 scope link
       valid_lft forever preferred_lft forever
166: veth513c1a7@if165: <BROADCAST,MULTICAST,UP,LOWER_UP> mtu 1500 qdisc noqueue master docker0 state UP
    link/ether 12:e7:34:62:55:60 brd ff:ff:ff:ff:ff:ff link-netnsid 0
    inet6 fe80::10e7:34ff:fe62:5560/64 scope link
       valid_lft forever preferred_lft forever
168: veth1a40bc6@if167: <BROADCAST,MULTICAST,UP,LOWER_UP> mtu 1500 qdisc noqueue master docker0 state UP
    link/ether c2:80:dd:57:21:f7 brd ff:ff:ff:ff:ff:ff link-netnsid 1
    inet6 fe80::c080:ddff:fe57:21f7/64 scope link
       valid_lft forever preferred_lft forever
170: veth8cc7fb6@if169: <BROADCAST,MULTICAST,UP,LOWER_UP> mtu 1500 qdisc noqueue master docker0 state UP
    link/ether da:fc:c3:19:19:de brd ff:ff:ff:ff:ff:ff link-netnsid 2
    inet6 fe80::d8fc:c3ff:fe19:19de/64 scope link
       valid_lft forever preferred_lft forever
172: vethd498b2d@if171: <BROADCAST,MULTICAST,UP,LOWER_UP> mtu 1500 qdisc noqueue master docker0 state UP
    link/ether 5a:f3:f6:6f:76:25 brd ff:ff:ff:ff:ff:ff link-netnsid 3
    inet6 fe80::58f3:f6ff:fe6f:7625/64 scope link
       valid_lft forever preferred_lft forever
174: vethbacafb4@if173: <BROADCAST,MULTICAST,UP,LOWER_UP> mtu 1500 qdisc noqueue master docker0 state UP
    link/ether ae:ad:87:4d:4b:e4 brd ff:ff:ff:ff:ff:ff link-netnsid 4
    inet6 fe80::acad:87ff:fe4d:4be4/64 scope link
       valid_lft forever preferred_lft forever
176: veth164cfec@if175: <BROADCAST,MULTICAST,UP,LOWER_UP> mtu 1500 qdisc noqueue master docker0 state UP
    link/ether de:dd:a2:5e:a6:8c brd ff:ff:ff:ff:ff:ff link-netnsid 5
    inet6 fe80::dcdd:a2ff:fe5e:a68c/64 scope link
       valid_lft forever preferred_lft forever